<?xml version="1.0" encoding="UTF-8"?>
<testsuite name="Create Project UI"
           tests="6"
           failures="0"
           errors="0"
           skipped="0"
           time="4.068">
    <properties></properties>



            <testcase
                name="validLoginTest"
                time="0.875"
                classname="ui.CreateProject.CreateProject">
            </testcase>
            <testcase
                name="createProjectWithInvalidIdentifier"
                time="0.750"
                classname="ui.CreateProject.CreateProject">
            </testcase>
            <testcase
                name="createProjectWithUniqueIDName"
                time="0.795"
                classname="ui.CreateProject.CreateProject">
            </testcase>
            <testcase
                name="clickOnCreateProject"
                time="0.296"
                classname="ui.CreateProject.CreateProject">
            </testcase>
            <testcase
                name="createNewProjectWithValidData"
                time="0.616"
                classname="ui.CreateProject.CreateProject">
            </testcase>
            <testcase
                name="createProjectWithoutName"
                time="0.736"
                classname="ui.CreateProject.CreateProject">
            </testcase>
</testsuite>
